<?xml version="1.0" encoding="UTF-8"?>
<testng-results ignored="0" total="2" passed="2" failed="0" skipped="0">
  <reporter-output>
  </reporter-output>
  <suite started-at="2025-12-26T15:07:46 EST" name="ARG Automation Suite" finished-at="2025-12-26T15:07:48 EST" duration-ms="2448">
    <groups>
    </groups>
    <test started-at="2025-12-26T15:07:46 EST" name="Login Tests" finished-at="2025-12-26T15:07:48 EST" duration-ms="2448">
      <class name="com.arg.tests.LoginTest">
        <test-method is-config="true" signature="setUpSuite()[pri:0, instance:com.arg.tests.LoginTest@6e20b53a]" started-at="2025-12-26T15:07:45 EST" name="setUpSuite" finished-at="2025-12-26T15:07:46 EST" duration-ms="348" status="PASS">
          <reporter-output>
          </reporter-output>
        </test-method> <!-- setUpSuite -->
        <test-method is-config="true" signature="setUp(java.lang.reflect.Method)[pri:0, instance:com.arg.tests.LoginTest@6e20b53a]" started-at="2025-12-26T15:07:46 EST" name="setUp" finished-at="2025-12-26T15:07:47 EST" duration-ms="1543" status="PASS">
          <params>
            <param index="0">
              <value>
                <![CDATA[public void com.arg.tests.LoginTest.verifyLoginPageTitle()]]>
              </value>
            </param>
          </params>
          <reporter-output>
          </reporter-output>
        </test-method> <!-- setUp -->
        <test-method signature="verifyLoginPageTitle()[pri:1, instance:com.arg.tests.LoginTest@6e20b53a]" started-at="2025-12-26T15:07:47 EST" name="verifyLoginPageTitle" description="Verify Login Page Title" finished-at="2025-12-26T15:07:47 EST" duration-ms="48" status="PASS">
          <reporter-output>
          </reporter-output>
        </test-method> <!-- verifyLoginPageTitle -->
        <test-method is-config="true" signature="tearDown(org.testng.ITestResult)[pri:0, instance:com.arg.tests.LoginTest@6e20b53a]" started-at="2025-12-26T15:07:47 EST" name="tearDown" finished-at="2025-12-26T15:07:47 EST" duration-ms="81" status="PASS">
          <params>
            <param index="0">
              <value>
                <![CDATA[[TestResult name=verifyLoginPageTitle status=SUCCESS method=LoginTest.verifyLoginPageTitle()[pri:1, instance:com.arg.tests.LoginTest@6e20b53a] output={null}]]]>
              </value>
            </param>
          </params>
          <reporter-output>
          </reporter-output>
        </test-method> <!-- tearDown -->
        <test-method is-config="true" signature="setUp(java.lang.reflect.Method)[pri:0, instance:com.arg.tests.LoginTest@6e20b53a]" started-at="2025-12-26T15:07:47 EST" name="setUp" finished-at="2025-12-26T15:07:48 EST" duration-ms="453" status="PASS">
          <params>
            <param index="0">
              <value>
                <![CDATA[public void com.arg.tests.LoginTest.verifySSOButtonPresent()]]>
              </value>
            </param>
          </params>
          <reporter-output>
          </reporter-output>
        </test-method> <!-- setUp -->
        <test-method signature="verifySSOButtonPresent()[pri:2, instance:com.arg.tests.LoginTest@6e20b53a]" started-at="2025-12-26T15:07:48 EST" name="verifySSOButtonPresent" description="Verify SSO Button Present" finished-at="2025-12-26T15:07:48 EST" duration-ms="214" status="PASS">
          <reporter-output>
          </reporter-output>
        </test-method> <!-- verifySSOButtonPresent -->
        <test-method is-config="true" signature="tearDown(org.testng.ITestResult)[pri:0, instance:com.arg.tests.LoginTest@6e20b53a]" started-at="2025-12-26T15:07:48 EST" name="tearDown" finished-at="2025-12-26T15:07:48 EST" duration-ms="67" status="PASS">
          <params>
            <param index="0">
              <value>
                <![CDATA[[TestResult name=verifySSOButtonPresent status=SUCCESS method=LoginTest.verifySSOButtonPresent()[pri:2, instance:com.arg.tests.LoginTest@6e20b53a] output={null}]]]>
              </value>
            </param>
          </params>
          <reporter-output>
          </reporter-output>
        </test-method> <!-- tearDown -->
        <test-method is-config="true" signature="tearDownSuite()[pri:0, instance:com.arg.tests.LoginTest@6e20b53a]" started-at="2025-12-26T15:07:48 EST" name="tearDownSuite" finished-at="2025-12-26T15:07:49 EST" duration-ms="409" status="PASS">
          <reporter-output>
          </reporter-output>
        </test-method> <!-- tearDownSuite -->
      </class> <!-- com.arg.tests.LoginTest -->
    </test> <!-- Login Tests -->
  </suite> <!-- ARG Automation Suite -->
</testng-results>
